<?xml version="1.0" encoding="UTF-8"?>
<!-- Generated by org.testng.reporters.JUnitReportReporter -->
<testsuite hostname="Dell_Home_22" failures="0" tests="1" name="testSuite1.Module1" time="0.006" errors="0" timestamp="2022-11-08T11:40:15 CST" skipped="0">
  <testcase classname="testSuite1.Module1" name="test001" time="0.006"/>
  <system-out/>
</testsuite> <!-- testSuite1.Module1 -->
