<?xml version="1.0" encoding="UTF-8"?>
<!-- Generated by org.testng.reporters.JUnitReportReporter -->
<testsuite hostname="Dell_Home_22" failures="0" tests="2" name="testSuite1.Module1" time="0.011" errors="0" timestamp="2022-11-09T10:24:50 CST" skipped="0">
  <testcase classname="testSuite1.Module1" name="test001" time="0.009"/>
  <system-out/>
  <testcase classname="testSuite1.Module1" name="test001" time="0.002"/>
  <system-out/>
</testsuite> <!-- testSuite1.Module1 -->
