<?xml version="1.0" encoding="UTF-8"?>
<!-- Generated by org.testng.reporters.JUnitReportReporter -->
<testsuite hostname="Dell_Home_22" failures="0" tests="4" name="testSuite1.Module2" time="0.017" errors="0" timestamp="2022-11-09T10:24:50 CST" skipped="0">
  <testcase classname="testSuite1.Module2" name="test002" time="0.008"/>
  <system-out/>
  <testcase classname="testSuite1.Module2" name="test002" time="0.001"/>
  <system-out/>
  <testcase classname="testSuite1.Module2" name="test001" time="0.008"/>
  <system-out/>
  <testcase classname="testSuite1.Module2" name="test001" time="0.000"/>
  <system-out/>
</testsuite> <!-- testSuite1.Module2 -->
